value :
ValueInt 0

env :
Env (fromList [("hi",[]),("lo",[]),("mx",[])]) (fromList [("main",FuncDecl Int (Ident "main") [] (IBlock [IDecl Int [IdentEmpty (Ident "lo"),IdentEmpty (Ident "hi"),IdentEmpty (Ident "mx")],IExp (EVarSet (Ident "lo") (EInt 1)),IExp (EVarSet (Ident "hi") (EVar (Ident "lo"))),IExp (EVarSet (Ident "mx") (EInt 5000000)),IExp (ECall (Ident "printInt") [EVar (Ident "lo")]),IWhile (ESm (EVar (Ident "hi")) (EVar (Ident "mx"))) (IBlock [IExp (ECall (Ident "printInt") [EVar (Ident "hi")]),IExp (EVarSet (Ident "hi") (EAdd (EVar (Ident "lo")) (EVar (Ident "hi")))),IExp (EVarSet (Ident "lo") (ESub (EVar (Ident "hi")) (EVar (Ident "lo"))))]),IRet (EInt 0)]))]) 3 (fromList [(1,ValueInt 3524578),(2,ValueInt 5702887),(3,ValueInt 5000000)]) ["3524578\n","2178309\n","1346269\n","832040\n","514229\n","317811\n","196418\n","121393\n","75025\n","46368\n","28657\n","17711\n","10946\n","6765\n","4181\n","2584\n","1597\n","987\n","610\n","377\n","233\n","144\n","89\n","55\n","34\n","21\n","13\n","8\n","5\n","3\n","2\n","1\n","1\n"]

output:
1
1
2
3
5
8
13
21
34
55
89
144
233
377
610
987
1597
2584
4181
6765
10946
17711
28657
46368
75025
121393
196418
317811
514229
832040
1346269
2178309
3524578
